Comparaison des fichiers C:\USERS\ANTOI\DOCUMENTS\COURS\LANGAGE\TPS\TP5\MVAP\ENTRY\1.txt et C:\USERS\ANTOI\DOCUMENTS\COURS\LANGAGE\TPS\TP5\MVAP\RES\1.TXT
***** C:\USERS\ANTOI\DOCUMENTS\COURS\LANGAGE\TPS\TP5\MVAP\ENTRY\1.txt
522
***** C:\USERS\ANTOI\DOCUMENTS\COURS\LANGAGE\TPS\TP5\MVAP\RES\1.TXT
52
*****

Comparaison des fichiers C:\USERS\ANTOI\DOCUMENTS\COURS\LANGAGE\TPS\TP5\MVAP\ENTRY\1.txt et C:\USERS\ANTOI\DOCUMENTS\COURS\LANGAGE\TPS\TP5\MVAP\RES\2.TXT
***** C:\USERS\ANTOI\DOCUMENTS\COURS\LANGAGE\TPS\TP5\MVAP\ENTRY\1.txt
522
***** C:\USERS\ANTOI\DOCUMENTS\COURS\LANGAGE\TPS\TP5\MVAP\RES\2.TXT
42
*****

Comparaison des fichiers C:\USERS\ANTOI\DOCUMENTS\COURS\LANGAGE\TPS\TP5\MVAP\ENTRY\2.txt et C:\USERS\ANTOI\DOCUMENTS\COURS\LANGAGE\TPS\TP5\MVAP\RES\1.TXT
***** C:\USERS\ANTOI\DOCUMENTS\COURS\LANGAGE\TPS\TP5\MVAP\ENTRY\2.txt
42
***** C:\USERS\ANTOI\DOCUMENTS\COURS\LANGAGE\TPS\TP5\MVAP\RES\1.TXT
52
*****

Comparaison des fichiers C:\USERS\ANTOI\DOCUMENTS\COURS\LANGAGE\TPS\TP5\MVAP\ENTRY\2.txt et C:\USERS\ANTOI\DOCUMENTS\COURS\LANGAGE\TPS\TP5\MVAP\RES\2.TXT
FCÿ: aucune diff‚rence trouv‚e

